<?xml version="1.0" encoding="UTF-8"?>
<!-- Generated by org.testng.reporters.JUnitReportReporter -->
<testsuite hostname="Rini-PC" name="maven.walmmart.testwa.CandiadateTest" tests="1" failures="0" timestamp="18 Apr 2017 19:58:46 GMT" time="2.190" errors="0">
  <testcase name="testItunes" time="2.190" classname="maven.walmmart.testwa.CandiadateTest"/>
</testsuite> <!-- maven.walmmart.testwa.CandiadateTest -->
